{"timestamp":"2025-07-01T08:03:23.308902","level":"info","event":"Filling up the DagBag from /opt/airflow/dags/user_processing.py","logger":"airflow.models.dagbag.DagBag"}
{"timestamp":"2025-07-01T08:03:54.891934","level":"info","event":"Filling up the DagBag from /opt/airflow/dags/user_processing.py","logger":"airflow.models.dagbag.DagBag"}
{"timestamp":"2025-07-01T08:04:25.508422","level":"info","event":"Filling up the DagBag from /opt/airflow/dags/user_processing.py","logger":"airflow.models.dagbag.DagBag"}
{"timestamp":"2025-07-01T08:04:56.072247","level":"info","event":"Filling up the DagBag from /opt/airflow/dags/user_processing.py","logger":"airflow.models.dagbag.DagBag"}
{"timestamp":"2025-07-01T08:05:26.695584","level":"info","event":"Filling up the DagBag from /opt/airflow/dags/user_processing.py","logger":"airflow.models.dagbag.DagBag"}
{"timestamp":"2025-07-01T08:05:57.318809","level":"info","event":"Filling up the DagBag from /opt/airflow/dags/user_processing.py","logger":"airflow.models.dagbag.DagBag"}
{"timestamp":"2025-07-01T08:06:27.991681","level":"info","event":"Filling up the DagBag from /opt/airflow/dags/user_processing.py","logger":"airflow.models.dagbag.DagBag"}
{"timestamp":"2025-07-01T08:06:58.676452","level":"info","event":"Filling up the DagBag from /opt/airflow/dags/user_processing.py","logger":"airflow.models.dagbag.DagBag"}
{"timestamp":"2025-07-01T08:07:29.293444","level":"info","event":"Filling up the DagBag from /opt/airflow/dags/user_processing.py","logger":"airflow.models.dagbag.DagBag"}
{"timestamp":"2025-07-01T08:07:59.972575","level":"info","event":"Filling up the DagBag from /opt/airflow/dags/user_processing.py","logger":"airflow.models.dagbag.DagBag"}
{"timestamp":"2025-07-01T08:08:30.541625","level":"info","event":"Filling up the DagBag from /opt/airflow/dags/user_processing.py","logger":"airflow.models.dagbag.DagBag"}
{"timestamp":"2025-07-01T08:09:01.167391","level":"info","event":"Filling up the DagBag from /opt/airflow/dags/user_processing.py","logger":"airflow.models.dagbag.DagBag"}
{"timestamp":"2025-07-01T08:09:31.866491","level":"info","event":"Filling up the DagBag from /opt/airflow/dags/user_processing.py","logger":"airflow.models.dagbag.DagBag"}
{"timestamp":"2025-07-01T08:10:02.426859","level":"info","event":"Filling up the DagBag from /opt/airflow/dags/user_processing.py","logger":"airflow.models.dagbag.DagBag"}
{"timestamp":"2025-07-01T08:10:33.057258","level":"info","event":"Filling up the DagBag from /opt/airflow/dags/user_processing.py","logger":"airflow.models.dagbag.DagBag"}
{"timestamp":"2025-07-01T08:11:03.657881","level":"info","event":"Filling up the DagBag from /opt/airflow/dags/user_processing.py","logger":"airflow.models.dagbag.DagBag"}
{"timestamp":"2025-07-01T08:11:34.284028","level":"info","event":"Filling up the DagBag from /opt/airflow/dags/user_processing.py","logger":"airflow.models.dagbag.DagBag"}
{"timestamp":"2025-07-01T08:12:05.008682","level":"info","event":"Filling up the DagBag from /opt/airflow/dags/user_processing.py","logger":"airflow.models.dagbag.DagBag"}
{"timestamp":"2025-07-01T08:12:35.702442","level":"info","event":"Filling up the DagBag from /opt/airflow/dags/user_processing.py","logger":"airflow.models.dagbag.DagBag"}
{"timestamp":"2025-07-01T08:13:06.310276","level":"info","event":"Filling up the DagBag from /opt/airflow/dags/user_processing.py","logger":"airflow.models.dagbag.DagBag"}
{"timestamp":"2025-07-01T08:13:36.931753","level":"info","event":"Filling up the DagBag from /opt/airflow/dags/user_processing.py","logger":"airflow.models.dagbag.DagBag"}
{"timestamp":"2025-07-01T08:14:07.659223","level":"info","event":"Filling up the DagBag from /opt/airflow/dags/user_processing.py","logger":"airflow.models.dagbag.DagBag"}
{"timestamp":"2025-07-01T08:14:38.354397","level":"info","event":"Filling up the DagBag from /opt/airflow/dags/user_processing.py","logger":"airflow.models.dagbag.DagBag"}
{"timestamp":"2025-07-01T08:15:09.038188","level":"info","event":"Filling up the DagBag from /opt/airflow/dags/user_processing.py","logger":"airflow.models.dagbag.DagBag"}
{"timestamp":"2025-07-01T08:15:39.729985","level":"info","event":"Filling up the DagBag from /opt/airflow/dags/user_processing.py","logger":"airflow.models.dagbag.DagBag"}
{"timestamp":"2025-07-01T08:16:10.448980","level":"info","event":"Filling up the DagBag from /opt/airflow/dags/user_processing.py","logger":"airflow.models.dagbag.DagBag"}
{"timestamp":"2025-07-01T08:16:41.139307","level":"info","event":"Filling up the DagBag from /opt/airflow/dags/user_processing.py","logger":"airflow.models.dagbag.DagBag"}
{"timestamp":"2025-07-01T08:17:11.735917","level":"info","event":"Filling up the DagBag from /opt/airflow/dags/user_processing.py","logger":"airflow.models.dagbag.DagBag"}
{"timestamp":"2025-07-01T08:17:42.379656","level":"info","event":"Filling up the DagBag from /opt/airflow/dags/user_processing.py","logger":"airflow.models.dagbag.DagBag"}
{"timestamp":"2025-07-01T08:18:13.140515","level":"info","event":"Filling up the DagBag from /opt/airflow/dags/user_processing.py","logger":"airflow.models.dagbag.DagBag"}
{"timestamp":"2025-07-01T08:18:43.786003","level":"info","event":"Filling up the DagBag from /opt/airflow/dags/user_processing.py","logger":"airflow.models.dagbag.DagBag"}
{"timestamp":"2025-07-01T08:19:14.528808","level":"info","event":"Filling up the DagBag from /opt/airflow/dags/user_processing.py","logger":"airflow.models.dagbag.DagBag"}
{"timestamp":"2025-07-01T08:19:45.517358","level":"info","event":"Filling up the DagBag from /opt/airflow/dags/user_processing.py","logger":"airflow.models.dagbag.DagBag"}
{"timestamp":"2025-07-01T08:20:16.333635","level":"info","event":"Filling up the DagBag from /opt/airflow/dags/user_processing.py","logger":"airflow.models.dagbag.DagBag"}
{"timestamp":"2025-07-01T08:20:47.077227","level":"info","event":"Filling up the DagBag from /opt/airflow/dags/user_processing.py","logger":"airflow.models.dagbag.DagBag"}
{"timestamp":"2025-07-01T08:21:09.776245","level":"info","event":"Filling up the DagBag from /opt/airflow/dags/user_processing.py","logger":"airflow.models.dagbag.DagBag"}
{"timestamp":"2025-07-01T08:21:09.790747","level":"error","event":"Failed to import: /opt/airflow/dags/user_processing.py","logger":"airflow.models.dagbag.DagBag","error_detail":[{"exc_type":"SyntaxError","exc_value":"invalid syntax. Perhaps you forgot a comma? (user_processing.py, line 39)","exc_notes":[],"syntax_error":{"offset":17,"filename":"/opt/airflow/dags/user_processing.py","line":"        task_id=\"extract_user\"\n","lineno":39,"msg":"invalid syntax. Perhaps you forgot a comma?"},"is_cause":false,"frames":[{"filename":"/home/airflow/.local/lib/python3.12/site-packages/airflow/models/dagbag.py","lineno":384,"name":"parse"},{"filename":"<frozen importlib._bootstrap_external>","lineno":995,"name":"exec_module"},{"filename":"<frozen importlib._bootstrap_external>","lineno":1133,"name":"get_code"},{"filename":"<frozen importlib._bootstrap_external>","lineno":1063,"name":"source_to_code"},{"filename":"<frozen importlib._bootstrap>","lineno":488,"name":"_call_with_frames_removed"}]}]}
{"timestamp":"2025-07-01T08:21:15.077301","level":"info","event":"Filling up the DagBag from /opt/airflow/dags/user_processing.py","logger":"airflow.models.dagbag.DagBag"}
{"timestamp":"2025-07-01T08:21:15.128888","level":"error","event":"Failed to import: /opt/airflow/dags/user_processing.py","logger":"airflow.models.dagbag.DagBag","error_detail":[{"exc_type":"NameError","exc_value":"name '_extract_user' is not defined","exc_notes":[],"syntax_error":null,"is_cause":false,"frames":[{"filename":"/home/airflow/.local/lib/python3.12/site-packages/airflow/models/dagbag.py","lineno":384,"name":"parse"},{"filename":"<frozen importlib._bootstrap_external>","lineno":999,"name":"exec_module"},{"filename":"<frozen importlib._bootstrap>","lineno":488,"name":"_call_with_frames_removed"},{"filename":"/opt/airflow/dags/user_processing.py","lineno":45,"name":"<module>"},{"filename":"/home/airflow/.local/lib/python3.12/site-packages/airflow/sdk/definitions/dag.py","lineno":1138,"name":"factory"},{"filename":"/opt/airflow/dags/user_processing.py","lineno":40,"name":"user_processing"}]}]}
{"timestamp":"2025-07-01T08:21:45.841101","level":"info","event":"Filling up the DagBag from /opt/airflow/dags/user_processing.py","logger":"airflow.models.dagbag.DagBag"}
{"timestamp":"2025-07-01T08:21:45.895192","level":"error","event":"Failed to import: /opt/airflow/dags/user_processing.py","logger":"airflow.models.dagbag.DagBag","error_detail":[{"exc_type":"NameError","exc_value":"name '_extract_user' is not defined","exc_notes":[],"syntax_error":null,"is_cause":false,"frames":[{"filename":"/home/airflow/.local/lib/python3.12/site-packages/airflow/models/dagbag.py","lineno":384,"name":"parse"},{"filename":"<frozen importlib._bootstrap_external>","lineno":999,"name":"exec_module"},{"filename":"<frozen importlib._bootstrap>","lineno":488,"name":"_call_with_frames_removed"},{"filename":"/opt/airflow/dags/user_processing.py","lineno":45,"name":"<module>"},{"filename":"/home/airflow/.local/lib/python3.12/site-packages/airflow/sdk/definitions/dag.py","lineno":1138,"name":"factory"},{"filename":"/opt/airflow/dags/user_processing.py","lineno":40,"name":"user_processing"}]}]}
{"timestamp":"2025-07-01T08:22:16.567175","level":"info","event":"Filling up the DagBag from /opt/airflow/dags/user_processing.py","logger":"airflow.models.dagbag.DagBag"}
{"timestamp":"2025-07-01T08:22:16.608141","level":"error","event":"Failed to import: /opt/airflow/dags/user_processing.py","logger":"airflow.models.dagbag.DagBag","error_detail":[{"exc_type":"NameError","exc_value":"name '_extract_user' is not defined","exc_notes":[],"syntax_error":null,"is_cause":false,"frames":[{"filename":"/home/airflow/.local/lib/python3.12/site-packages/airflow/models/dagbag.py","lineno":384,"name":"parse"},{"filename":"<frozen importlib._bootstrap_external>","lineno":999,"name":"exec_module"},{"filename":"<frozen importlib._bootstrap>","lineno":488,"name":"_call_with_frames_removed"},{"filename":"/opt/airflow/dags/user_processing.py","lineno":45,"name":"<module>"},{"filename":"/home/airflow/.local/lib/python3.12/site-packages/airflow/sdk/definitions/dag.py","lineno":1138,"name":"factory"},{"filename":"/opt/airflow/dags/user_processing.py","lineno":40,"name":"user_processing"}]}]}
{"timestamp":"2025-07-01T08:22:36.327458","level":"info","event":"Filling up the DagBag from /opt/airflow/dags/user_processing.py","logger":"airflow.models.dagbag.DagBag"}
{"timestamp":"2025-07-01T08:22:48.704476","level":"info","event":"Filling up the DagBag from /opt/airflow/dags/user_processing.py","logger":"airflow.models.dagbag.DagBag"}
{"timestamp":"2025-07-01T08:23:19.241956","level":"info","event":"Filling up the DagBag from /opt/airflow/dags/user_processing.py","logger":"airflow.models.dagbag.DagBag"}
{"timestamp":"2025-07-01T08:23:49.912825","level":"info","event":"Filling up the DagBag from /opt/airflow/dags/user_processing.py","logger":"airflow.models.dagbag.DagBag"}
{"timestamp":"2025-07-01T08:24:15.563769","level":"info","event":"Filling up the DagBag from /opt/airflow/dags/user_processing.py","logger":"airflow.models.dagbag.DagBag"}
{"timestamp":"2025-07-01T08:24:46.385762","level":"info","event":"Filling up the DagBag from /opt/airflow/dags/user_processing.py","logger":"airflow.models.dagbag.DagBag"}
{"timestamp":"2025-07-01T08:25:17.174184","level":"info","event":"Filling up the DagBag from /opt/airflow/dags/user_processing.py","logger":"airflow.models.dagbag.DagBag"}
{"timestamp":"2025-07-01T08:25:47.917499","level":"info","event":"Filling up the DagBag from /opt/airflow/dags/user_processing.py","logger":"airflow.models.dagbag.DagBag"}
{"timestamp":"2025-07-01T08:25:52.280991","level":"info","event":"Filling up the DagBag from /opt/airflow/dags/user_processing.py","logger":"airflow.models.dagbag.DagBag"}
{"timestamp":"2025-07-01T08:25:52.293009","level":"error","event":"Failed to import: /opt/airflow/dags/user_processing.py","logger":"airflow.models.dagbag.DagBag","error_detail":[{"exc_type":"SyntaxError","exc_value":"invalid syntax. Perhaps you forgot a comma? (user_processing.py, line 10)","exc_notes":[],"syntax_error":{"offset":17,"filename":"/opt/airflow/dags/user_processing.py","line":"        \"name\": char_bio[\"name\"]\n","lineno":10,"msg":"invalid syntax. Perhaps you forgot a comma?"},"is_cause":false,"frames":[{"filename":"/home/airflow/.local/lib/python3.12/site-packages/airflow/models/dagbag.py","lineno":384,"name":"parse"},{"filename":"<frozen importlib._bootstrap_external>","lineno":995,"name":"exec_module"},{"filename":"<frozen importlib._bootstrap_external>","lineno":1133,"name":"get_code"},{"filename":"<frozen importlib._bootstrap_external>","lineno":1063,"name":"source_to_code"},{"filename":"<frozen importlib._bootstrap>","lineno":488,"name":"_call_with_frames_removed"}]}]}
{"timestamp":"2025-07-01T08:26:04.643877","level":"info","event":"Filling up the DagBag from /opt/airflow/dags/user_processing.py","logger":"airflow.models.dagbag.DagBag"}
{"timestamp":"2025-07-01T08:26:04.654917","level":"error","event":"Failed to import: /opt/airflow/dags/user_processing.py","logger":"airflow.models.dagbag.DagBag","error_detail":[{"exc_type":"SyntaxError","exc_value":"invalid syntax. Perhaps you forgot a comma? (user_processing.py, line 11)","exc_notes":[],"syntax_error":{"offset":22,"filename":"/opt/airflow/dags/user_processing.py","line":"        \"full_name\": char_bio[\"full_name\"]\n","lineno":11,"msg":"invalid syntax. Perhaps you forgot a comma?"},"is_cause":false,"frames":[{"filename":"/home/airflow/.local/lib/python3.12/site-packages/airflow/models/dagbag.py","lineno":384,"name":"parse"},{"filename":"<frozen importlib._bootstrap_external>","lineno":995,"name":"exec_module"},{"filename":"<frozen importlib._bootstrap_external>","lineno":1133,"name":"get_code"},{"filename":"<frozen importlib._bootstrap_external>","lineno":1063,"name":"source_to_code"},{"filename":"<frozen importlib._bootstrap>","lineno":488,"name":"_call_with_frames_removed"}]}]}
{"timestamp":"2025-07-01T08:26:14.977043","level":"info","event":"Filling up the DagBag from /opt/airflow/dags/user_processing.py","logger":"airflow.models.dagbag.DagBag"}
{"timestamp":"2025-07-01T08:26:14.991117","level":"error","event":"Failed to import: /opt/airflow/dags/user_processing.py","logger":"airflow.models.dagbag.DagBag","error_detail":[{"exc_type":"SyntaxError","exc_value":"invalid syntax. Perhaps you forgot a comma? (user_processing.py, line 12)","exc_notes":[],"syntax_error":{"offset":29,"filename":"/opt/airflow/dags/user_processing.py","line":"        \"first_appearance\": char_bio[\"first_appearance\"]\n","lineno":12,"msg":"invalid syntax. Perhaps you forgot a comma?"},"is_cause":false,"frames":[{"filename":"/home/airflow/.local/lib/python3.12/site-packages/airflow/models/dagbag.py","lineno":384,"name":"parse"},{"filename":"<frozen importlib._bootstrap_external>","lineno":995,"name":"exec_module"},{"filename":"<frozen importlib._bootstrap_external>","lineno":1133,"name":"get_code"},{"filename":"<frozen importlib._bootstrap_external>","lineno":1063,"name":"source_to_code"},{"filename":"<frozen importlib._bootstrap>","lineno":488,"name":"_call_with_frames_removed"}]}]}
{"timestamp":"2025-07-01T08:26:41.750440","level":"info","event":"Filling up the DagBag from /opt/airflow/dags/user_processing.py","logger":"airflow.models.dagbag.DagBag"}
{"timestamp":"2025-07-01T08:27:13.555252","level":"info","event":"Filling up the DagBag from /opt/airflow/dags/user_processing.py","logger":"airflow.models.dagbag.DagBag"}
{"timestamp":"2025-07-01T08:27:44.349457","level":"info","event":"Filling up the DagBag from /opt/airflow/dags/user_processing.py","logger":"airflow.models.dagbag.DagBag"}
{"timestamp":"2025-07-01T08:28:15.215900","level":"info","event":"Filling up the DagBag from /opt/airflow/dags/user_processing.py","logger":"airflow.models.dagbag.DagBag"}
{"timestamp":"2025-07-01T08:28:24.635918","level":"info","event":"Filling up the DagBag from /opt/airflow/dags/user_processing.py","logger":"airflow.models.dagbag.DagBag"}
{"timestamp":"2025-07-01T08:28:44.187906","level":"info","event":"Filling up the DagBag from /opt/airflow/dags/user_processing.py","logger":"airflow.models.dagbag.DagBag"}
{"timestamp":"2025-07-01T08:28:46.386600","level":"info","event":"Filling up the DagBag from /opt/airflow/dags/user_processing.py","logger":"airflow.models.dagbag.DagBag"}
{"timestamp":"2025-07-01T08:28:47.530397","level":"info","event":"Filling up the DagBag from /opt/airflow/dags/user_processing.py","logger":"airflow.models.dagbag.DagBag"}
{"timestamp":"2025-07-01T08:29:18.152475","level":"info","event":"Filling up the DagBag from /opt/airflow/dags/user_processing.py","logger":"airflow.models.dagbag.DagBag"}
{"timestamp":"2025-07-01T08:29:48.796446","level":"info","event":"Filling up the DagBag from /opt/airflow/dags/user_processing.py","logger":"airflow.models.dagbag.DagBag"}
{"timestamp":"2025-07-01T08:30:19.410646","level":"info","event":"Filling up the DagBag from /opt/airflow/dags/user_processing.py","logger":"airflow.models.dagbag.DagBag"}
{"timestamp":"2025-07-01T08:30:50.021479","level":"info","event":"Filling up the DagBag from /opt/airflow/dags/user_processing.py","logger":"airflow.models.dagbag.DagBag"}
{"timestamp":"2025-07-01T08:31:20.729117","level":"info","event":"Filling up the DagBag from /opt/airflow/dags/user_processing.py","logger":"airflow.models.dagbag.DagBag"}
{"timestamp":"2025-07-01T08:31:51.587429","level":"info","event":"Filling up the DagBag from /opt/airflow/dags/user_processing.py","logger":"airflow.models.dagbag.DagBag"}
{"timestamp":"2025-07-01T08:31:54.821464","level":"info","event":"Filling up the DagBag from /opt/airflow/dags/user_processing.py","logger":"airflow.models.dagbag.DagBag"}
{"timestamp":"2025-07-01T08:31:54.831179","level":"error","event":"Failed to import: /opt/airflow/dags/user_processing.py","logger":"airflow.models.dagbag.DagBag","error_detail":[{"exc_type":"IndentationError","exc_value":"expected an indented block after function definition on line 51 (user_processing.py, line 52)","exc_notes":[],"syntax_error":{"offset":5,"filename":"/opt/airflow/dags/user_processing.py","line":"    import requests\n","lineno":52,"msg":"expected an indented block after function definition on line 51"},"is_cause":false,"frames":[{"filename":"/home/airflow/.local/lib/python3.12/site-packages/airflow/models/dagbag.py","lineno":384,"name":"parse"},{"filename":"<frozen importlib._bootstrap_external>","lineno":995,"name":"exec_module"},{"filename":"<frozen importlib._bootstrap_external>","lineno":1133,"name":"get_code"},{"filename":"<frozen importlib._bootstrap_external>","lineno":1063,"name":"source_to_code"},{"filename":"<frozen importlib._bootstrap>","lineno":488,"name":"_call_with_frames_removed"}]}]}
{"timestamp":"2025-07-01T08:32:15.497016","level":"info","event":"Filling up the DagBag from /opt/airflow/dags/user_processing.py","logger":"airflow.models.dagbag.DagBag"}
{"timestamp":"2025-07-01T08:32:35.052087","level":"info","event":"Filling up the DagBag from /opt/airflow/dags/user_processing.py","logger":"airflow.models.dagbag.DagBag"}
{"timestamp":"2025-07-01T08:32:45.394977","level":"info","event":"Filling up the DagBag from /opt/airflow/dags/user_processing.py","logger":"airflow.models.dagbag.DagBag"}
{"timestamp":"2025-07-01T08:32:54.749133","level":"info","event":"Filling up the DagBag from /opt/airflow/dags/user_processing.py","logger":"airflow.models.dagbag.DagBag"}
{"timestamp":"2025-07-01T08:32:55.903604","level":"info","event":"Filling up the DagBag from /opt/airflow/dags/user_processing.py","logger":"airflow.models.dagbag.DagBag"}
{"timestamp":"2025-07-01T08:33:09.359112","level":"info","event":"Filling up the DagBag from /opt/airflow/dags/user_processing.py","logger":"airflow.models.dagbag.DagBag"}
{"timestamp":"2025-07-01T08:33:21.790661","level":"info","event":"Filling up the DagBag from /opt/airflow/dags/user_processing.py","logger":"airflow.models.dagbag.DagBag"}
{"timestamp":"2025-07-01T08:33:26.114095","level":"info","event":"Filling up the DagBag from /opt/airflow/dags/user_processing.py","logger":"airflow.models.dagbag.DagBag"}
{"timestamp":"2025-07-01T08:33:56.707424","level":"info","event":"Filling up the DagBag from /opt/airflow/dags/user_processing.py","logger":"airflow.models.dagbag.DagBag"}
{"timestamp":"2025-07-01T08:34:27.568405","level":"info","event":"Filling up the DagBag from /opt/airflow/dags/user_processing.py","logger":"airflow.models.dagbag.DagBag"}
{"timestamp":"2025-07-01T08:34:58.229277","level":"info","event":"Filling up the DagBag from /opt/airflow/dags/user_processing.py","logger":"airflow.models.dagbag.DagBag"}
{"timestamp":"2025-07-01T08:35:28.836220","level":"info","event":"Filling up the DagBag from /opt/airflow/dags/user_processing.py","logger":"airflow.models.dagbag.DagBag"}
{"timestamp":"2025-07-01T08:35:59.570722","level":"info","event":"Filling up the DagBag from /opt/airflow/dags/user_processing.py","logger":"airflow.models.dagbag.DagBag"}
{"timestamp":"2025-07-01T08:36:30.229066","level":"info","event":"Filling up the DagBag from /opt/airflow/dags/user_processing.py","logger":"airflow.models.dagbag.DagBag"}
{"timestamp":"2025-07-01T08:37:00.987783","level":"info","event":"Filling up the DagBag from /opt/airflow/dags/user_processing.py","logger":"airflow.models.dagbag.DagBag"}
{"timestamp":"2025-07-01T08:37:29.587506","level":"info","event":"Filling up the DagBag from /opt/airflow/dags/user_processing.py","logger":"airflow.models.dagbag.DagBag"}
{"timestamp":"2025-07-01T08:37:35.936217","level":"info","event":"Filling up the DagBag from /opt/airflow/dags/user_processing.py","logger":"airflow.models.dagbag.DagBag"}
{"timestamp":"2025-07-01T08:37:40.279268","level":"info","event":"Filling up the DagBag from /opt/airflow/dags/user_processing.py","logger":"airflow.models.dagbag.DagBag"}
{"timestamp":"2025-07-01T08:37:45.710260","level":"info","event":"Filling up the DagBag from /opt/airflow/dags/user_processing.py","logger":"airflow.models.dagbag.DagBag"}
{"timestamp":"2025-07-01T08:37:53.044124","level":"info","event":"Filling up the DagBag from /opt/airflow/dags/user_processing.py","logger":"airflow.models.dagbag.DagBag"}
{"timestamp":"2025-07-01T08:38:01.332012","level":"info","event":"Filling up the DagBag from /opt/airflow/dags/user_processing.py","logger":"airflow.models.dagbag.DagBag"}
{"timestamp":"2025-07-01T08:38:31.921990","level":"info","event":"Filling up the DagBag from /opt/airflow/dags/user_processing.py","logger":"airflow.models.dagbag.DagBag"}
{"timestamp":"2025-07-01T08:39:02.544960","level":"info","event":"Filling up the DagBag from /opt/airflow/dags/user_processing.py","logger":"airflow.models.dagbag.DagBag"}
{"timestamp":"2025-07-01T08:39:33.436734","level":"info","event":"Filling up the DagBag from /opt/airflow/dags/user_processing.py","logger":"airflow.models.dagbag.DagBag"}
{"timestamp":"2025-07-01T08:39:39.842465","level":"info","event":"Filling up the DagBag from /opt/airflow/dags/user_processing.py","logger":"airflow.models.dagbag.DagBag"}
{"timestamp":"2025-07-01T08:39:51.172044","level":"info","event":"Filling up the DagBag from /opt/airflow/dags/user_processing.py","logger":"airflow.models.dagbag.DagBag"}
{"timestamp":"2025-07-01T08:40:21.849272","level":"info","event":"Filling up the DagBag from /opt/airflow/dags/user_processing.py","logger":"airflow.models.dagbag.DagBag"}
{"timestamp":"2025-07-01T08:40:39.380915","level":"info","event":"Filling up the DagBag from /opt/airflow/dags/user_processing.py","logger":"airflow.models.dagbag.DagBag"}
{"timestamp":"2025-07-01T08:41:09.955945","level":"info","event":"Filling up the DagBag from /opt/airflow/dags/user_processing.py","logger":"airflow.models.dagbag.DagBag"}
{"timestamp":"2025-07-01T08:41:40.658989","level":"info","event":"Filling up the DagBag from /opt/airflow/dags/user_processing.py","logger":"airflow.models.dagbag.DagBag"}
{"timestamp":"2025-07-01T08:42:11.145451","level":"info","event":"Filling up the DagBag from /opt/airflow/dags/user_processing.py","logger":"airflow.models.dagbag.DagBag"}
{"timestamp":"2025-07-01T08:42:41.834744","level":"info","event":"Filling up the DagBag from /opt/airflow/dags/user_processing.py","logger":"airflow.models.dagbag.DagBag"}
{"timestamp":"2025-07-01T08:43:12.560653","level":"info","event":"Filling up the DagBag from /opt/airflow/dags/user_processing.py","logger":"airflow.models.dagbag.DagBag"}
{"timestamp":"2025-07-01T08:43:43.315393","level":"info","event":"Filling up the DagBag from /opt/airflow/dags/user_processing.py","logger":"airflow.models.dagbag.DagBag"}
{"timestamp":"2025-07-01T08:43:55.686652","level":"info","event":"Filling up the DagBag from /opt/airflow/dags/user_processing.py","logger":"airflow.models.dagbag.DagBag"}
{"timestamp":"2025-07-01T08:44:26.399251","level":"info","event":"Filling up the DagBag from /opt/airflow/dags/user_processing.py","logger":"airflow.models.dagbag.DagBag"}
{"timestamp":"2025-07-01T08:44:57.038048","level":"info","event":"Filling up the DagBag from /opt/airflow/dags/user_processing.py","logger":"airflow.models.dagbag.DagBag"}
{"timestamp":"2025-07-01T08:45:27.665124","level":"info","event":"Filling up the DagBag from /opt/airflow/dags/user_processing.py","logger":"airflow.models.dagbag.DagBag"}
{"timestamp":"2025-07-01T08:45:40.096763","level":"info","event":"Filling up the DagBag from /opt/airflow/dags/user_processing.py","logger":"airflow.models.dagbag.DagBag"}
{"timestamp":"2025-07-01T08:45:49.402599","level":"info","event":"Filling up the DagBag from /opt/airflow/dags/user_processing.py","logger":"airflow.models.dagbag.DagBag"}
{"timestamp":"2025-07-01T08:45:51.576981","level":"info","event":"Filling up the DagBag from /opt/airflow/dags/user_processing.py","logger":"airflow.models.dagbag.DagBag"}
{"timestamp":"2025-07-01T08:45:52.684838","level":"info","event":"Filling up the DagBag from /opt/airflow/dags/user_processing.py","logger":"airflow.models.dagbag.DagBag"}
{"timestamp":"2025-07-01T08:46:23.239854","level":"info","event":"Filling up the DagBag from /opt/airflow/dags/user_processing.py","logger":"airflow.models.dagbag.DagBag"}
{"timestamp":"2025-07-01T08:46:53.920307","level":"info","event":"Filling up the DagBag from /opt/airflow/dags/user_processing.py","logger":"airflow.models.dagbag.DagBag"}
{"timestamp":"2025-07-01T08:47:24.590213","level":"info","event":"Filling up the DagBag from /opt/airflow/dags/user_processing.py","logger":"airflow.models.dagbag.DagBag"}
{"timestamp":"2025-07-01T08:47:55.359269","level":"info","event":"Filling up the DagBag from /opt/airflow/dags/user_processing.py","logger":"airflow.models.dagbag.DagBag"}
{"timestamp":"2025-07-01T08:47:58.557013","level":"info","event":"Filling up the DagBag from /opt/airflow/dags/user_processing.py","logger":"airflow.models.dagbag.DagBag"}
{"timestamp":"2025-07-01T08:48:29.220975","level":"info","event":"Filling up the DagBag from /opt/airflow/dags/user_processing.py","logger":"airflow.models.dagbag.DagBag"}
{"timestamp":"2025-07-01T08:48:59.926889","level":"info","event":"Filling up the DagBag from /opt/airflow/dags/user_processing.py","logger":"airflow.models.dagbag.DagBag"}
{"timestamp":"2025-07-01T08:49:30.634747","level":"info","event":"Filling up the DagBag from /opt/airflow/dags/user_processing.py","logger":"airflow.models.dagbag.DagBag"}
{"timestamp":"2025-07-01T08:50:01.275766","level":"info","event":"Filling up the DagBag from /opt/airflow/dags/user_processing.py","logger":"airflow.models.dagbag.DagBag"}
{"timestamp":"2025-07-01T08:50:07.623257","level":"info","event":"Filling up the DagBag from /opt/airflow/dags/user_processing.py","logger":"airflow.models.dagbag.DagBag"}
{"timestamp":"2025-07-01T08:50:15.994024","level":"info","event":"Filling up the DagBag from /opt/airflow/dags/user_processing.py","logger":"airflow.models.dagbag.DagBag"}
{"timestamp":"2025-07-01T08:50:38.648753","level":"info","event":"Filling up the DagBag from /opt/airflow/dags/user_processing.py","logger":"airflow.models.dagbag.DagBag"}
{"timestamp":"2025-07-01T08:51:07.356077","level":"info","event":"Filling up the DagBag from /opt/airflow/dags/user_processing.py","logger":"airflow.models.dagbag.DagBag"}
{"timestamp":"2025-07-01T08:51:38.155885","level":"info","event":"Filling up the DagBag from /opt/airflow/dags/user_processing.py","logger":"airflow.models.dagbag.DagBag"}
{"timestamp":"2025-07-01T08:51:42.462669","level":"info","event":"Filling up the DagBag from /opt/airflow/dags/user_processing.py","logger":"airflow.models.dagbag.DagBag"}
{"timestamp":"2025-07-01T08:51:43.569579","level":"info","event":"Filling up the DagBag from /opt/airflow/dags/user_processing.py","logger":"airflow.models.dagbag.DagBag"}
{"timestamp":"2025-07-01T08:51:45.729816","level":"info","event":"Filling up the DagBag from /opt/airflow/dags/user_processing.py","logger":"airflow.models.dagbag.DagBag"}
{"timestamp":"2025-07-01T08:51:47.880005","level":"info","event":"Filling up the DagBag from /opt/airflow/dags/user_processing.py","logger":"airflow.models.dagbag.DagBag"}
{"timestamp":"2025-07-01T08:52:18.510652","level":"info","event":"Filling up the DagBag from /opt/airflow/dags/user_processing.py","logger":"airflow.models.dagbag.DagBag"}
{"timestamp":"2025-07-01T08:52:49.241015","level":"info","event":"Filling up the DagBag from /opt/airflow/dags/user_processing.py","logger":"airflow.models.dagbag.DagBag"}
{"timestamp":"2025-07-01T08:53:19.862549","level":"info","event":"Filling up the DagBag from /opt/airflow/dags/user_processing.py","logger":"airflow.models.dagbag.DagBag"}
{"timestamp":"2025-07-01T08:53:50.626580","level":"info","event":"Filling up the DagBag from /opt/airflow/dags/user_processing.py","logger":"airflow.models.dagbag.DagBag"}
{"timestamp":"2025-07-01T08:54:21.297699","level":"info","event":"Filling up the DagBag from /opt/airflow/dags/user_processing.py","logger":"airflow.models.dagbag.DagBag"}
{"timestamp":"2025-07-01T08:54:24.494542","level":"info","event":"Filling up the DagBag from /opt/airflow/dags/user_processing.py","logger":"airflow.models.dagbag.DagBag"}
{"timestamp":"2025-07-01T08:54:55.140938","level":"info","event":"Filling up the DagBag from /opt/airflow/dags/user_processing.py","logger":"airflow.models.dagbag.DagBag"}
{"timestamp":"2025-07-01T08:55:25.830073","level":"info","event":"Filling up the DagBag from /opt/airflow/dags/user_processing.py","logger":"airflow.models.dagbag.DagBag"}
{"timestamp":"2025-07-01T08:55:56.492922","level":"info","event":"Filling up the DagBag from /opt/airflow/dags/user_processing.py","logger":"airflow.models.dagbag.DagBag"}
{"timestamp":"2025-07-01T08:56:27.194366","level":"info","event":"Filling up the DagBag from /opt/airflow/dags/user_processing.py","logger":"airflow.models.dagbag.DagBag"}
{"timestamp":"2025-07-01T08:56:57.827253","level":"info","event":"Filling up the DagBag from /opt/airflow/dags/user_processing.py","logger":"airflow.models.dagbag.DagBag"}
{"timestamp":"2025-07-01T09:22:43.663997","level":"info","event":"Filling up the DagBag from /opt/airflow/dags/user_processing.py","logger":"airflow.models.dagbag.DagBag"}
{"timestamp":"2025-07-01T09:23:14.389568","level":"info","event":"Filling up the DagBag from /opt/airflow/dags/user_processing.py","logger":"airflow.models.dagbag.DagBag"}
{"timestamp":"2025-07-01T09:27:54.382733","level":"info","event":"Filling up the DagBag from /opt/airflow/dags/user_processing.py","logger":"airflow.models.dagbag.DagBag"}
{"timestamp":"2025-07-01T09:29:57.280231","level":"info","event":"Filling up the DagBag from /opt/airflow/dags/user_processing.py","logger":"airflow.models.dagbag.DagBag"}
{"timestamp":"2025-07-01T09:47:46.361367","level":"info","event":"Filling up the DagBag from /opt/airflow/dags/user_processing.py","logger":"airflow.models.dagbag.DagBag"}
{"timestamp":"2025-07-01T09:50:19.211366","level":"info","event":"Filling up the DagBag from /opt/airflow/dags/user_processing.py","logger":"airflow.models.dagbag.DagBag"}
{"timestamp":"2025-07-01T09:59:20.549315","level":"info","event":"Filling up the DagBag from /opt/airflow/dags/user_processing.py","logger":"airflow.models.dagbag.DagBag"}
{"timestamp":"2025-07-01T09:59:50.941194","level":"info","event":"Filling up the DagBag from /opt/airflow/dags/user_processing.py","logger":"airflow.models.dagbag.DagBag"}
{"timestamp":"2025-07-01T10:00:21.398556","level":"info","event":"Filling up the DagBag from /opt/airflow/dags/user_processing.py","logger":"airflow.models.dagbag.DagBag"}
{"timestamp":"2025-07-01T10:02:54.221517","level":"info","event":"Filling up the DagBag from /opt/airflow/dags/user_processing.py","logger":"airflow.models.dagbag.DagBag"}
{"timestamp":"2025-07-01T10:03:55.612123","level":"info","event":"Filling up the DagBag from /opt/airflow/dags/user_processing.py","logger":"airflow.models.dagbag.DagBag"}
{"timestamp":"2025-07-01T10:10:32.507034","level":"info","event":"Filling up the DagBag from /opt/airflow/dags/user_processing.py","logger":"airflow.models.dagbag.DagBag"}
{"timestamp":"2025-07-01T10:12:34.569587","level":"info","event":"Filling up the DagBag from /opt/airflow/dags/user_processing.py","logger":"airflow.models.dagbag.DagBag"}
{"timestamp":"2025-07-01T10:13:35.629946","level":"info","event":"Filling up the DagBag from /opt/airflow/dags/user_processing.py","logger":"airflow.models.dagbag.DagBag"}
{"timestamp":"2025-07-01T10:15:07.140663","level":"info","event":"Filling up the DagBag from /opt/airflow/dags/user_processing.py","logger":"airflow.models.dagbag.DagBag"}
{"timestamp":"2025-07-01T10:18:15.442347","level":"info","event":"Filling up the DagBag from /opt/airflow/dags/user_processing.py","logger":"airflow.models.dagbag.DagBag"}
{"timestamp":"2025-07-01T10:24:52.617361","level":"info","event":"Filling up the DagBag from /opt/airflow/dags/user_processing.py","logger":"airflow.models.dagbag.DagBag"}
{"timestamp":"2025-07-01T10:26:24.185718","level":"info","event":"Filling up the DagBag from /opt/airflow/dags/user_processing.py","logger":"airflow.models.dagbag.DagBag"}
{"timestamp":"2025-07-01T10:27:25.146267","level":"info","event":"Filling up the DagBag from /opt/airflow/dags/user_processing.py","logger":"airflow.models.dagbag.DagBag"}
{"timestamp":"2025-07-01T10:28:26.202475","level":"info","event":"Filling up the DagBag from /opt/airflow/dags/user_processing.py","logger":"airflow.models.dagbag.DagBag"}
{"timestamp":"2025-07-01T10:28:56.654698","level":"info","event":"Filling up the DagBag from /opt/airflow/dags/user_processing.py","logger":"airflow.models.dagbag.DagBag"}
{"timestamp":"2025-07-01T10:29:27.087797","level":"info","event":"Filling up the DagBag from /opt/airflow/dags/user_processing.py","logger":"airflow.models.dagbag.DagBag"}
{"timestamp":"2025-07-01T10:30:28.104624","level":"info","event":"Filling up the DagBag from /opt/airflow/dags/user_processing.py","logger":"airflow.models.dagbag.DagBag"}
{"timestamp":"2025-07-01T10:31:28.940494","level":"info","event":"Filling up the DagBag from /opt/airflow/dags/user_processing.py","logger":"airflow.models.dagbag.DagBag"}
{"timestamp":"2025-07-01T10:35:39.902010","level":"info","event":"Filling up the DagBag from /opt/airflow/dags/user_processing.py","logger":"airflow.models.dagbag.DagBag"}
{"timestamp":"2025-07-01T10:45:52.136901","level":"info","event":"Filling up the DagBag from /opt/airflow/dags/user_processing.py","logger":"airflow.models.dagbag.DagBag"}
{"timestamp":"2025-07-01T10:48:03.299639","level":"info","event":"Filling up the DagBag from /opt/airflow/dags/user_processing.py","logger":"airflow.models.dagbag.DagBag"}
{"timestamp":"2025-07-01T10:48:33.772977","level":"info","event":"Filling up the DagBag from /opt/airflow/dags/user_processing.py","logger":"airflow.models.dagbag.DagBag"}
{"timestamp":"2025-07-01T10:52:37.722278","level":"info","event":"Filling up the DagBag from /opt/airflow/dags/user_processing.py","logger":"airflow.models.dagbag.DagBag"}
{"timestamp":"2025-07-01T10:56:11.407284","level":"info","event":"Filling up the DagBag from /opt/airflow/dags/user_processing.py","logger":"airflow.models.dagbag.DagBag"}
{"timestamp":"2025-07-01T11:03:49.460615","level":"info","event":"Filling up the DagBag from /opt/airflow/dags/user_processing.py","logger":"airflow.models.dagbag.DagBag"}
{"timestamp":"2025-07-01T11:04:19.858708","level":"info","event":"Filling up the DagBag from /opt/airflow/dags/user_processing.py","logger":"airflow.models.dagbag.DagBag"}
{"timestamp":"2025-07-01T11:06:21.898276","level":"info","event":"Filling up the DagBag from /opt/airflow/dags/user_processing.py","logger":"airflow.models.dagbag.DagBag"}
{"timestamp":"2025-07-01T11:08:54.458082","level":"info","event":"Filling up the DagBag from /opt/airflow/dags/user_processing.py","logger":"airflow.models.dagbag.DagBag"}
{"timestamp":"2025-07-01T11:13:29.491648","level":"info","event":"Filling up the DagBag from /opt/airflow/dags/user_processing.py","logger":"airflow.models.dagbag.DagBag"}
{"timestamp":"2025-07-01T11:18:34.851373","level":"info","event":"Filling up the DagBag from /opt/airflow/dags/user_processing.py","logger":"airflow.models.dagbag.DagBag"}
{"timestamp":"2025-07-01T11:20:06.817299","level":"info","event":"Filling up the DagBag from /opt/airflow/dags/user_processing.py","logger":"airflow.models.dagbag.DagBag"}
{"timestamp":"2025-07-01T11:20:37.239265","level":"info","event":"Filling up the DagBag from /opt/airflow/dags/user_processing.py","logger":"airflow.models.dagbag.DagBag"}
{"timestamp":"2025-07-01T11:21:07.755737","level":"info","event":"Filling up the DagBag from /opt/airflow/dags/user_processing.py","logger":"airflow.models.dagbag.DagBag"}
{"timestamp":"2025-07-01T11:21:38.184604","level":"info","event":"Filling up the DagBag from /opt/airflow/dags/user_processing.py","logger":"airflow.models.dagbag.DagBag"}
{"timestamp":"2025-07-01T11:22:08.557038","level":"info","event":"Filling up the DagBag from /opt/airflow/dags/user_processing.py","logger":"airflow.models.dagbag.DagBag"}
{"timestamp":"2025-07-01T12:41:47.211676","level":"info","event":"Filling up the DagBag from /opt/airflow/dags/user_processing.py","logger":"airflow.models.dagbag.DagBag"}
{"timestamp":"2025-07-01T12:41:48.127963","level":"info","event":"Filling up the DagBag from /opt/airflow/dags/user_processing.py","logger":"airflow.models.dagbag.DagBag"}
{"timestamp":"2025-07-01T12:44:56.882022","level":"info","event":"Filling up the DagBag from /opt/airflow/dags/user_processing.py","logger":"airflow.models.dagbag.DagBag"}
{"timestamp":"2025-07-01T12:45:58.278891","level":"info","event":"Filling up the DagBag from /opt/airflow/dags/user_processing.py","logger":"airflow.models.dagbag.DagBag"}
{"timestamp":"2025-07-01T12:46:26.772819","level":"info","event":"Filling up the DagBag from /opt/airflow/dags/user_processing.py","logger":"airflow.models.dagbag.DagBag"}
{"timestamp":"2025-07-01T12:46:57.270565","level":"info","event":"Filling up the DagBag from /opt/airflow/dags/user_processing.py","logger":"airflow.models.dagbag.DagBag"}
{"timestamp":"2025-07-01T12:50:17.160350","level":"info","event":"Filling up the DagBag from /opt/airflow/dags/user_processing.py","logger":"airflow.models.dagbag.DagBag"}
{"timestamp":"2025-07-01T12:51:43.839256","level":"info","event":"Filling up the DagBag from /opt/airflow/dags/user_processing.py","logger":"airflow.models.dagbag.DagBag"}
{"timestamp":"2025-07-01T12:56:04.154152","level":"info","event":"Filling up the DagBag from /opt/airflow/dags/user_processing.py","logger":"airflow.models.dagbag.DagBag"}
{"timestamp":"2025-07-01T12:56:05.038977","level":"info","event":"Filling up the DagBag from /opt/airflow/dags/user_processing.py","logger":"airflow.models.dagbag.DagBag"}
{"timestamp":"2025-07-01T12:56:38.600347","level":"info","event":"Filling up the DagBag from /opt/airflow/dags/user_processing.py","logger":"airflow.models.dagbag.DagBag"}
{"timestamp":"2025-07-01T12:58:41.280809","level":"info","event":"Filling up the DagBag from /opt/airflow/dags/user_processing.py","logger":"airflow.models.dagbag.DagBag"}
{"timestamp":"2025-07-01T12:58:46.640504","level":"info","event":"Filling up the DagBag from /opt/airflow/dags/user_processing.py","logger":"airflow.models.dagbag.DagBag"}
{"timestamp":"2025-07-01T13:03:31.405082","level":"info","event":"Filling up the DagBag from /opt/airflow/dags/user_processing.py","logger":"airflow.models.dagbag.DagBag"}
{"timestamp":"2025-07-01T13:04:01.887940","level":"info","event":"Filling up the DagBag from /opt/airflow/dags/user_processing.py","logger":"airflow.models.dagbag.DagBag"}
{"timestamp":"2025-07-01T13:04:32.371369","level":"info","event":"Filling up the DagBag from /opt/airflow/dags/user_processing.py","logger":"airflow.models.dagbag.DagBag"}
{"timestamp":"2025-07-01T13:11:51.780086","level":"info","event":"Filling up the DagBag from /opt/airflow/dags/user_processing.py","logger":"airflow.models.dagbag.DagBag"}
{"timestamp":"2025-07-01T13:12:22.199376","level":"info","event":"Filling up the DagBag from /opt/airflow/dags/user_processing.py","logger":"airflow.models.dagbag.DagBag"}
{"timestamp":"2025-07-01T13:19:39.914004","level":"info","event":"Filling up the DagBag from /opt/airflow/dags/user_processing.py","logger":"airflow.models.dagbag.DagBag"}
{"timestamp":"2025-07-01T13:24:50.603768","level":"info","event":"Filling up the DagBag from /opt/airflow/dags/user_processing.py","logger":"airflow.models.dagbag.DagBag"}
{"timestamp":"2025-07-01T13:25:21.028328","level":"info","event":"Filling up the DagBag from /opt/airflow/dags/user_processing.py","logger":"airflow.models.dagbag.DagBag"}
{"timestamp":"2025-07-01T13:34:29.306828","level":"info","event":"Filling up the DagBag from /opt/airflow/dags/user_processing.py","logger":"airflow.models.dagbag.DagBag"}
{"timestamp":"2025-07-01T13:52:26.094449","level":"info","event":"Filling up the DagBag from /opt/airflow/dags/user_processing.py","logger":"airflow.models.dagbag.DagBag"}
{"timestamp":"2025-07-01T13:55:29.080340","level":"info","event":"Filling up the DagBag from /opt/airflow/dags/user_processing.py","logger":"airflow.models.dagbag.DagBag"}
{"timestamp":"2025-07-01T13:55:59.482248","level":"info","event":"Filling up the DagBag from /opt/airflow/dags/user_processing.py","logger":"airflow.models.dagbag.DagBag"}
{"timestamp":"2025-07-01T13:56:29.890757","level":"info","event":"Filling up the DagBag from /opt/airflow/dags/user_processing.py","logger":"airflow.models.dagbag.DagBag"}
{"timestamp":"2025-07-01T13:57:31.018686","level":"info","event":"Filling up the DagBag from /opt/airflow/dags/user_processing.py","logger":"airflow.models.dagbag.DagBag"}
{"timestamp":"2025-07-01T14:06:40.058676","level":"info","event":"Filling up the DagBag from /opt/airflow/dags/user_processing.py","logger":"airflow.models.dagbag.DagBag"}
{"timestamp":"2025-07-01T14:07:10.532570","level":"info","event":"Filling up the DagBag from /opt/airflow/dags/user_processing.py","logger":"airflow.models.dagbag.DagBag"}
{"timestamp":"2025-07-01T14:24:27.525100","level":"info","event":"Filling up the DagBag from /opt/airflow/dags/user_processing.py","logger":"airflow.models.dagbag.DagBag"}
{"timestamp":"2025-07-01T14:30:33.280934","level":"info","event":"Filling up the DagBag from /opt/airflow/dags/user_processing.py","logger":"airflow.models.dagbag.DagBag"}
{"timestamp":"2025-07-01T14:31:03.761600","level":"info","event":"Filling up the DagBag from /opt/airflow/dags/user_processing.py","logger":"airflow.models.dagbag.DagBag"}
{"timestamp":"2025-07-01T14:31:34.140993","level":"info","event":"Filling up the DagBag from /opt/airflow/dags/user_processing.py","logger":"airflow.models.dagbag.DagBag"}
{"timestamp":"2025-07-01T14:34:06.704973","level":"info","event":"Filling up the DagBag from /opt/airflow/dags/user_processing.py","logger":"airflow.models.dagbag.DagBag"}
{"timestamp":"2025-07-01T14:34:37.176879","level":"info","event":"Filling up the DagBag from /opt/airflow/dags/user_processing.py","logger":"airflow.models.dagbag.DagBag"}
{"timestamp":"2025-07-01T14:35:07.587585","level":"info","event":"Filling up the DagBag from /opt/airflow/dags/user_processing.py","logger":"airflow.models.dagbag.DagBag"}
{"timestamp":"2025-07-01T14:35:38.024708","level":"info","event":"Filling up the DagBag from /opt/airflow/dags/user_processing.py","logger":"airflow.models.dagbag.DagBag"}
{"timestamp":"2025-07-01T14:43:45.878964","level":"info","event":"Filling up the DagBag from /opt/airflow/dags/user_processing.py","logger":"airflow.models.dagbag.DagBag"}
{"timestamp":"2025-07-01T14:44:16.340838","level":"info","event":"Filling up the DagBag from /opt/airflow/dags/user_processing.py","logger":"airflow.models.dagbag.DagBag"}
